2017-06-02 09:45:08.510 [http-nio-8088-exec-1:0] [DEBUG] BootFilter.doFilter:32 - IP = 0:0:0:0:0:0:0:1
 2017-06-02 09:45:08.516 [http-nio-8088-exec-1:6] [DEBUG] BootFilter.doFilter:33 - URL = http://localhost:8088/
 2017-06-02 09:45:08.755 [http-nio-8088-exec-2:245] [DEBUG] BootFilter.doFilter:32 - IP = 0:0:0:0:0:0:0:1
 2017-06-02 09:45:08.761 [http-nio-8088-exec-2:251] [DEBUG] BootFilter.doFilter:33 - URL = http://localhost:8088/js/common.js
 2017-06-02 11:05:35.414 [http-nio-8088-exec-1:0] [DEBUG] BootFilter.doFilter:32 - IP = 0:0:0:0:0:0:0:1
 2017-06-02 11:05:35.424 [http-nio-8088-exec-1:10] [DEBUG] BootFilter.doFilter:33 - URL = http://localhost:8088/
 2017-06-02 11:05:35.532 [http-nio-8088-exec-2:118] [DEBUG] BootFilter.doFilter:32 - IP = 0:0:0:0:0:0:0:1
 2017-06-02 11:05:35.535 [http-nio-8088-exec-2:121] [DEBUG] BootFilter.doFilter:33 - URL = http://localhost:8088/js/common.js
 2017-06-02 11:05:56.814 [http-nio-8088-exec-3:21400] [DEBUG] BootFilter.doFilter:32 - IP = 0:0:0:0:0:0:0:1
 2017-06-02 11:05:56.816 [http-nio-8088-exec-3:21402] [DEBUG] BootFilter.doFilter:33 - URL = http://localhost:8088/person/list
 2017-06-02 11:06:01.784 [http-nio-8088-exec-4:26370] [DEBUG] BootFilter.doFilter:32 - IP = 0:0:0:0:0:0:0:1
 2017-06-02 11:06:01.785 [http-nio-8088-exec-4:26371] [DEBUG] BootFilter.doFilter:33 - URL = http://localhost:8088/person/create
 2017-06-02 11:06:02.020 [http-nio-8088-exec-4:26606] [DEBUG] cache.debug:44 - Couldn't find template in cache for "test.ftl"("en_US", UTF-8, parsed); will try to load it.
 2017-06-02 11:06:02.034 [http-nio-8088-exec-4:26620] [DEBUG] cache.debug:44 - TemplateLoader.findTemplateSource("test_en_US.ftl"): Not found
 2017-06-02 11:06:02.038 [http-nio-8088-exec-4:26624] [DEBUG] cache.debug:44 - TemplateLoader.findTemplateSource("test_en.ftl"): Not found
 2017-06-02 11:06:02.041 [http-nio-8088-exec-4:26627] [DEBUG] cache.debug:44 - TemplateLoader.findTemplateSource("test.ftl"): Not found
 2017-06-02 11:06:55.126 [http-nio-8088-exec-5:79712] [DEBUG] BootFilter.doFilter:32 - IP = 0:0:0:0:0:0:0:1
 2017-06-02 11:06:55.127 [http-nio-8088-exec-5:79713] [DEBUG] BootFilter.doFilter:33 - URL = http://localhost:8088/person/list
 2017-06-02 11:06:56.534 [http-nio-8088-exec-6:81120] [DEBUG] BootFilter.doFilter:32 - IP = 0:0:0:0:0:0:0:1
 2017-06-02 11:06:56.536 [http-nio-8088-exec-6:81122] [DEBUG] BootFilter.doFilter:33 - URL = http://localhost:8088/person/list
 2017-06-02 15:15:35.520 [http-nio-8088-exec-1:0] [DEBUG] BootFilter.doFilter:32 - IP = 0:0:0:0:0:0:0:1
 2017-06-02 15:15:35.543 [http-nio-8088-exec-1:23] [DEBUG] BootFilter.doFilter:33 - URL = http://localhost:8088/user/create
 2017-06-02 15:15:41.259 [http-nio-8088-exec-2:5739] [DEBUG] BootFilter.doFilter:32 - IP = 0:0:0:0:0:0:0:1
 2017-06-02 15:15:41.262 [http-nio-8088-exec-2:5742] [DEBUG] BootFilter.doFilter:33 - URL = http://localhost:8088/user/create
 2017-06-02 15:15:43.706 [http-nio-8088-exec-3:8186] [DEBUG] BootFilter.doFilter:32 - IP = 0:0:0:0:0:0:0:1
 2017-06-02 15:15:43.708 [http-nio-8088-exec-3:8188] [DEBUG] BootFilter.doFilter:33 - URL = http://localhost:8088/user/create
 2017-06-02 15:20:48.016 [http-nio-8088-exec-6:312496] [DEBUG] BootFilter.doFilter:32 - IP = 0:0:0:0:0:0:0:1
 2017-06-02 15:20:48.018 [http-nio-8088-exec-6:312498] [DEBUG] BootFilter.doFilter:33 - URL = http://localhost:8088/user/create
 2017-06-02 16:06:37.390 [http-nio-8088-exec-1:0] [DEBUG] BootFilter.doFilter:32 - IP = 0:0:0:0:0:0:0:1
 2017-06-02 16:06:37.397 [http-nio-8088-exec-1:7] [DEBUG] BootFilter.doFilter:33 - URL = http://localhost:8088/user/create
 2017-06-02 16:06:38.409 [http-nio-8088-exec-2:1019] [DEBUG] BootFilter.doFilter:32 - IP = 0:0:0:0:0:0:0:1
 2017-06-02 16:06:38.412 [http-nio-8088-exec-2:1022] [DEBUG] BootFilter.doFilter:33 - URL = http://localhost:8088/user/create
 2017-06-02 16:06:42.491 [http-nio-8088-exec-3:5101] [DEBUG] BootFilter.doFilter:32 - IP = 0:0:0:0:0:0:0:1
 2017-06-02 16:06:42.496 [http-nio-8088-exec-3:5106] [DEBUG] BootFilter.doFilter:33 - URL = http://localhost:8088/
 2017-06-02 16:06:42.551 [http-nio-8088-exec-4:5161] [DEBUG] BootFilter.doFilter:32 - IP = 0:0:0:0:0:0:0:1
 2017-06-02 16:06:42.553 [http-nio-8088-exec-4:5163] [DEBUG] BootFilter.doFilter:33 - URL = http://localhost:8088/js/common.js
 2017-06-02 16:06:45.040 [http-nio-8088-exec-5:7650] [DEBUG] BootFilter.doFilter:32 - IP = 0:0:0:0:0:0:0:1
 2017-06-02 16:06:45.042 [http-nio-8088-exec-5:7652] [DEBUG] BootFilter.doFilter:33 - URL = http://localhost:8088/
 2017-06-02 16:06:45.074 [http-nio-8088-exec-6:7684] [DEBUG] BootFilter.doFilter:32 - IP = 0:0:0:0:0:0:0:1
 2017-06-02 16:06:45.076 [http-nio-8088-exec-6:7686] [DEBUG] BootFilter.doFilter:33 - URL = http://localhost:8088/js/common.js
 2017-06-02 16:06:45.382 [http-nio-8088-exec-7:7992] [DEBUG] BootFilter.doFilter:32 - IP = 0:0:0:0:0:0:0:1
 2017-06-02 16:06:45.384 [http-nio-8088-exec-7:7994] [DEBUG] BootFilter.doFilter:33 - URL = http://localhost:8088/
 2017-06-02 16:06:45.411 [http-nio-8088-exec-8:8021] [DEBUG] BootFilter.doFilter:32 - IP = 0:0:0:0:0:0:0:1
 2017-06-02 16:06:45.412 [http-nio-8088-exec-8:8022] [DEBUG] BootFilter.doFilter:33 - URL = http://localhost:8088/js/common.js
 2017-06-02 16:06:45.877 [http-nio-8088-exec-9:8487] [DEBUG] BootFilter.doFilter:32 - IP = 0:0:0:0:0:0:0:1
 2017-06-02 16:06:45.879 [http-nio-8088-exec-9:8489] [DEBUG] BootFilter.doFilter:33 - URL = http://localhost:8088/
 2017-06-02 16:06:45.905 [http-nio-8088-exec-10:8515] [DEBUG] BootFilter.doFilter:32 - IP = 0:0:0:0:0:0:0:1
 2017-06-02 16:06:45.907 [http-nio-8088-exec-10:8517] [DEBUG] BootFilter.doFilter:33 - URL = http://localhost:8088/js/common.js
 2017-06-02 16:06:58.456 [http-nio-8088-exec-1:21066] [DEBUG] BootFilter.doFilter:32 - IP = 0:0:0:0:0:0:0:1
 2017-06-02 16:06:58.458 [http-nio-8088-exec-1:21068] [DEBUG] BootFilter.doFilter:33 - URL = http://localhost:8088/
 2017-06-02 16:06:58.482 [http-nio-8088-exec-2:21092] [DEBUG] BootFilter.doFilter:32 - IP = 0:0:0:0:0:0:0:1
 2017-06-02 16:06:58.484 [http-nio-8088-exec-2:21094] [DEBUG] BootFilter.doFilter:33 - URL = http://localhost:8088/js/common.js
 2017-06-02 16:06:59.214 [http-nio-8088-exec-3:21824] [DEBUG] BootFilter.doFilter:32 - IP = 0:0:0:0:0:0:0:1
 2017-06-02 16:06:59.217 [http-nio-8088-exec-3:21827] [DEBUG] BootFilter.doFilter:33 - URL = http://localhost:8088/
 2017-06-02 16:06:59.242 [http-nio-8088-exec-4:21852] [DEBUG] BootFilter.doFilter:32 - IP = 0:0:0:0:0:0:0:1
 2017-06-02 16:06:59.244 [http-nio-8088-exec-4:21854] [DEBUG] BootFilter.doFilter:33 - URL = http://localhost:8088/js/common.js
 2017-06-02 16:13:55.577 [http-nio-8088-exec-1:0] [DEBUG] BootFilter.doFilter:32 - IP = 0:0:0:0:0:0:0:1
 2017-06-02 16:13:55.582 [http-nio-8088-exec-1:5] [DEBUG] BootFilter.doFilter:33 - URL = http://localhost:8088/error/
 2017-06-02 16:14:35.660 [http-nio-8088-exec-1:0] [DEBUG] BootFilter.doFilter:32 - IP = 0:0:0:0:0:0:0:1
 2017-06-02 16:14:35.666 [http-nio-8088-exec-1:6] [DEBUG] BootFilter.doFilter:33 - URL = http://localhost:8088/error/
 2017-06-02 16:15:00.868 [http-nio-8088-exec-3:25208] [DEBUG] BootFilter.doFilter:32 - IP = 0:0:0:0:0:0:0:1
 2017-06-02 16:15:00.874 [http-nio-8088-exec-3:25214] [DEBUG] BootFilter.doFilter:33 - URL = http://localhost:8088/error/
 2017-06-02 16:15:02.987 [http-nio-8088-exec-4:27327] [DEBUG] BootFilter.doFilter:32 - IP = 0:0:0:0:0:0:0:1
 2017-06-02 16:15:02.990 [http-nio-8088-exec-4:27330] [DEBUG] BootFilter.doFilter:33 - URL = http://localhost:8088/error/
 2017-06-02 16:15:04.470 [http-nio-8088-exec-5:28810] [DEBUG] BootFilter.doFilter:32 - IP = 0:0:0:0:0:0:0:1
 2017-06-02 16:15:04.472 [http-nio-8088-exec-5:28812] [DEBUG] BootFilter.doFilter:33 - URL = http://localhost:8088/error/
 2017-06-02 16:15:05.027 [http-nio-8088-exec-6:29367] [DEBUG] BootFilter.doFilter:32 - IP = 0:0:0:0:0:0:0:1
 2017-06-02 16:15:05.029 [http-nio-8088-exec-6:29369] [DEBUG] BootFilter.doFilter:33 - URL = http://localhost:8088/error/
 2017-06-02 16:15:05.195 [http-nio-8088-exec-7:29535] [DEBUG] BootFilter.doFilter:32 - IP = 0:0:0:0:0:0:0:1
 2017-06-02 16:15:05.198 [http-nio-8088-exec-7:29538] [DEBUG] BootFilter.doFilter:33 - URL = http://localhost:8088/error/
 2017-06-02 16:15:05.362 [http-nio-8088-exec-8:29702] [DEBUG] BootFilter.doFilter:32 - IP = 0:0:0:0:0:0:0:1
 2017-06-02 16:15:05.365 [http-nio-8088-exec-8:29705] [DEBUG] BootFilter.doFilter:33 - URL = http://localhost:8088/error/
 2017-06-02 16:17:43.773 [http-nio-8088-exec-1:0] [DEBUG] BootFilter.doFilter:32 - IP = 0:0:0:0:0:0:0:1
 2017-06-02 16:17:43.778 [http-nio-8088-exec-1:5] [DEBUG] BootFilter.doFilter:33 - URL = http://localhost:8088/error/
 2017-06-02 16:17:43.887 [http-nio-8088-exec-2:114] [DEBUG] BootFilter.doFilter:32 - IP = 0:0:0:0:0:0:0:1
 2017-06-02 16:17:43.891 [http-nio-8088-exec-2:118] [DEBUG] BootFilter.doFilter:33 - URL = http://localhost:8088/error/
 2017-06-02 16:17:44.894 [http-nio-8088-exec-3:1121] [DEBUG] BootFilter.doFilter:32 - IP = 0:0:0:0:0:0:0:1
 2017-06-02 16:17:44.896 [http-nio-8088-exec-3:1123] [DEBUG] BootFilter.doFilter:33 - URL = http://localhost:8088/error/
 2017-06-02 16:17:45.389 [http-nio-8088-exec-4:1616] [DEBUG] BootFilter.doFilter:32 - IP = 0:0:0:0:0:0:0:1
 2017-06-02 16:17:45.391 [http-nio-8088-exec-4:1618] [DEBUG] BootFilter.doFilter:33 - URL = http://localhost:8088/error/
 2017-06-02 16:17:45.605 [http-nio-8088-exec-5:1832] [DEBUG] BootFilter.doFilter:32 - IP = 0:0:0:0:0:0:0:1
 2017-06-02 16:17:45.606 [http-nio-8088-exec-5:1833] [DEBUG] BootFilter.doFilter:33 - URL = http://localhost:8088/error/
 2017-06-02 16:17:45.798 [http-nio-8088-exec-6:2025] [DEBUG] BootFilter.doFilter:32 - IP = 0:0:0:0:0:0:0:1
 2017-06-02 16:17:45.800 [http-nio-8088-exec-6:2027] [DEBUG] BootFilter.doFilter:33 - URL = http://localhost:8088/error/
 2017-06-02 16:17:46.229 [http-nio-8088-exec-7:2456] [DEBUG] BootFilter.doFilter:32 - IP = 0:0:0:0:0:0:0:1
 2017-06-02 16:17:46.232 [http-nio-8088-exec-7:2459] [DEBUG] BootFilter.doFilter:33 - URL = http://localhost:8088/error/
 2017-06-02 16:17:46.605 [http-nio-8088-exec-8:2832] [DEBUG] BootFilter.doFilter:32 - IP = 0:0:0:0:0:0:0:1
 2017-06-02 16:17:46.607 [http-nio-8088-exec-8:2834] [DEBUG] BootFilter.doFilter:33 - URL = http://localhost:8088/error/
 2017-06-02 16:17:47.229 [http-nio-8088-exec-9:3456] [DEBUG] BootFilter.doFilter:32 - IP = 0:0:0:0:0:0:0:1
 2017-06-02 16:17:47.231 [http-nio-8088-exec-9:3458] [DEBUG] BootFilter.doFilter:33 - URL = http://localhost:8088/error/
 2017-06-02 16:17:47.438 [http-nio-8088-exec-10:3665] [DEBUG] BootFilter.doFilter:32 - IP = 0:0:0:0:0:0:0:1
 2017-06-02 16:17:47.440 [http-nio-8088-exec-10:3667] [DEBUG] BootFilter.doFilter:33 - URL = http://localhost:8088/error/
 2017-06-02 16:17:47.629 [http-nio-8088-exec-2:3856] [DEBUG] BootFilter.doFilter:32 - IP = 0:0:0:0:0:0:0:1
 2017-06-02 16:17:47.630 [http-nio-8088-exec-2:3857] [DEBUG] BootFilter.doFilter:33 - URL = http://localhost:8088/error/
 2017-06-02 16:17:47.796 [http-nio-8088-exec-1:4023] [DEBUG] BootFilter.doFilter:32 - IP = 0:0:0:0:0:0:0:1
 2017-06-02 16:17:47.799 [http-nio-8088-exec-1:4026] [DEBUG] BootFilter.doFilter:33 - URL = http://localhost:8088/error/
 2017-06-02 16:18:17.077 [http-nio-8088-exec-3:33304] [DEBUG] BootFilter.doFilter:32 - IP = 0:0:0:0:0:0:0:1
 2017-06-02 16:18:17.079 [http-nio-8088-exec-3:33306] [DEBUG] BootFilter.doFilter:33 - URL = http://localhost:8088/welcome
 2017-06-02 16:18:17.115 [http-nio-8088-exec-3:33342] [DEBUG] cache.debug:44 - Couldn't find template in cache for "welcome.ftl"("en_US", UTF-8, parsed); will try to load it.
 2017-06-02 16:18:17.126 [http-nio-8088-exec-3:33353] [DEBUG] cache.debug:44 - TemplateLoader.findTemplateSource("welcome_en_US.ftl"): Not found
 2017-06-02 16:18:17.138 [http-nio-8088-exec-3:33365] [DEBUG] cache.debug:44 - TemplateLoader.findTemplateSource("welcome_en.ftl"): Not found
 2017-06-02 16:18:17.143 [http-nio-8088-exec-3:33370] [DEBUG] cache.debug:44 - TemplateLoader.findTemplateSource("welcome.ftl"): Not found
 2017-06-02 16:18:24.879 [http-nio-8088-exec-4:41106] [DEBUG] BootFilter.doFilter:32 - IP = 0:0:0:0:0:0:0:1
 2017-06-02 16:18:24.882 [http-nio-8088-exec-4:41109] [DEBUG] BootFilter.doFilter:33 - URL = http://localhost:8088/error/
 2017-06-02 16:18:26.633 [http-nio-8088-exec-5:42860] [DEBUG] BootFilter.doFilter:32 - IP = 0:0:0:0:0:0:0:1
 2017-06-02 16:18:26.635 [http-nio-8088-exec-5:42862] [DEBUG] BootFilter.doFilter:33 - URL = http://localhost:8088/error/
 2017-06-02 16:27:48.564 [http-nio-8088-exec-1:0] [DEBUG] BootFilter.doFilter:32 - IP = 0:0:0:0:0:0:0:1
 2017-06-02 16:27:48.570 [http-nio-8088-exec-1:6] [DEBUG] BootFilter.doFilter:33 - URL = http://localhost:8088/error/
 2017-06-02 16:27:49.690 [http-nio-8088-exec-2:1126] [DEBUG] BootFilter.doFilter:32 - IP = 0:0:0:0:0:0:0:1
 2017-06-02 16:27:49.694 [http-nio-8088-exec-2:1130] [DEBUG] BootFilter.doFilter:33 - URL = http://localhost:8088/error/
 2017-06-02 16:27:50.287 [http-nio-8088-exec-3:1723] [DEBUG] BootFilter.doFilter:32 - IP = 0:0:0:0:0:0:0:1
 2017-06-02 16:27:50.289 [http-nio-8088-exec-3:1725] [DEBUG] BootFilter.doFilter:33 - URL = http://localhost:8088/error/
 2017-06-02 16:27:50.472 [http-nio-8088-exec-4:1908] [DEBUG] BootFilter.doFilter:32 - IP = 0:0:0:0:0:0:0:1
 2017-06-02 16:27:50.474 [http-nio-8088-exec-4:1910] [DEBUG] BootFilter.doFilter:33 - URL = http://localhost:8088/error/
 2017-06-02 16:27:50.638 [http-nio-8088-exec-5:2074] [DEBUG] BootFilter.doFilter:32 - IP = 0:0:0:0:0:0:0:1
 2017-06-02 16:27:50.640 [http-nio-8088-exec-5:2076] [DEBUG] BootFilter.doFilter:33 - URL = http://localhost:8088/error/
 2017-06-02 16:27:50.815 [http-nio-8088-exec-6:2251] [DEBUG] BootFilter.doFilter:32 - IP = 0:0:0:0:0:0:0:1
 2017-06-02 16:27:50.820 [http-nio-8088-exec-6:2256] [DEBUG] BootFilter.doFilter:33 - URL = http://localhost:8088/error/
 2017-06-02 16:32:51.625 [http-nio-8088-exec-1:0] [DEBUG] BootFilter.doFilter:32 - IP = 0:0:0:0:0:0:0:1
 2017-06-02 16:32:51.630 [http-nio-8088-exec-1:5] [DEBUG] BootFilter.doFilter:33 - URL = http://localhost:8088/error/
 2017-06-02 16:33:00.178 [http-nio-8088-exec-2:8553] [DEBUG] BootFilter.doFilter:32 - IP = 0:0:0:0:0:0:0:1
 2017-06-02 16:33:00.181 [http-nio-8088-exec-2:8556] [DEBUG] BootFilter.doFilter:33 - URL = http://localhost:8088/error.html
 2017-06-02 16:33:05.054 [http-nio-8088-exec-3:13429] [DEBUG] BootFilter.doFilter:32 - IP = 0:0:0:0:0:0:0:1
 2017-06-02 16:33:05.056 [http-nio-8088-exec-3:13431] [DEBUG] BootFilter.doFilter:33 - URL = http://localhost:8088/
 2017-06-02 16:33:05.103 [http-nio-8088-exec-4:13478] [DEBUG] BootFilter.doFilter:32 - IP = 0:0:0:0:0:0:0:1
 2017-06-02 16:33:05.107 [http-nio-8088-exec-4:13482] [DEBUG] BootFilter.doFilter:33 - URL = http://localhost:8088/js/common.js
 2017-06-02 16:33:08.290 [http-nio-8088-exec-5:16665] [DEBUG] BootFilter.doFilter:32 - IP = 0:0:0:0:0:0:0:1
 2017-06-02 16:33:08.292 [http-nio-8088-exec-5:16667] [DEBUG] BootFilter.doFilter:33 - URL = http://localhost:8088/welcome
 2017-06-02 16:33:08.317 [http-nio-8088-exec-5:16692] [DEBUG] cache.debug:44 - Couldn't find template in cache for "welcome.ftl"("en_US", UTF-8, parsed); will try to load it.
 2017-06-02 16:33:08.327 [http-nio-8088-exec-5:16702] [DEBUG] cache.debug:44 - TemplateLoader.findTemplateSource("welcome_en_US.ftl"): Not found
 2017-06-02 16:33:08.333 [http-nio-8088-exec-5:16708] [DEBUG] cache.debug:44 - TemplateLoader.findTemplateSource("welcome_en.ftl"): Not found
 2017-06-02 16:33:08.334 [http-nio-8088-exec-5:16709] [DEBUG] cache.debug:44 - TemplateLoader.findTemplateSource("welcome.ftl"): Not found
 2017-06-02 16:41:58.345 [http-nio-8088-exec-7:546720] [DEBUG] BootFilter.doFilter:32 - IP = 0:0:0:0:0:0:0:1
 2017-06-02 16:41:58.347 [http-nio-8088-exec-7:546722] [DEBUG] BootFilter.doFilter:33 - URL = http://localhost:8088/welcome.html
 2017-06-02 16:41:58.359 [http-nio-8088-exec-7:546734] [DEBUG] cache.debug:44 - TemplateLoader.findTemplateSource("welcome_en_US.ftl"): Not found
 2017-06-02 16:41:58.361 [http-nio-8088-exec-7:546736] [DEBUG] cache.debug:44 - TemplateLoader.findTemplateSource("welcome_en.ftl"): Not found
 2017-06-02 16:41:58.363 [http-nio-8088-exec-7:546738] [DEBUG] cache.debug:44 - TemplateLoader.findTemplateSource("welcome.ftl"): Not found
 2017-06-02 16:41:58.364 [http-nio-8088-exec-7:546739] [DEBUG] cache.debug:44 - "welcome.ftl"("en_US", UTF-8, parsed) no source found.
 2017-06-02 16:42:00.217 [http-nio-8088-exec-8:548592] [DEBUG] BootFilter.doFilter:32 - IP = 0:0:0:0:0:0:0:1
 2017-06-02 16:42:00.219 [http-nio-8088-exec-8:548594] [DEBUG] BootFilter.doFilter:33 - URL = http://localhost:8088/welcome.html
 2017-06-02 16:42:00.223 [http-nio-8088-exec-8:548598] [DEBUG] cache.debug:44 - "welcome.ftl"("en_US", UTF-8, parsed) cached copy not yet stale; using cached.
 2017-06-02 16:42:00.879 [http-nio-8088-exec-9:549254] [DEBUG] BootFilter.doFilter:32 - IP = 0:0:0:0:0:0:0:1
 2017-06-02 16:42:00.881 [http-nio-8088-exec-9:549256] [DEBUG] BootFilter.doFilter:33 - URL = http://localhost:8088/welcome.html
 2017-06-02 16:42:00.885 [http-nio-8088-exec-9:549260] [DEBUG] cache.debug:44 - "welcome.ftl"("en_US", UTF-8, parsed) cached copy not yet stale; using cached.
 2017-06-02 16:42:02.152 [http-nio-8088-exec-10:550527] [DEBUG] BootFilter.doFilter:32 - IP = 0:0:0:0:0:0:0:1
 2017-06-02 16:42:02.154 [http-nio-8088-exec-10:550529] [DEBUG] BootFilter.doFilter:33 - URL = http://localhost:8088/welcome.html
 2017-06-02 16:42:02.160 [http-nio-8088-exec-10:550535] [DEBUG] cache.debug:44 - "welcome.ftl"("en_US", UTF-8, parsed) cached copy not yet stale; using cached.
 2017-06-02 16:42:03.079 [http-nio-8088-exec-1:551454] [DEBUG] BootFilter.doFilter:32 - IP = 0:0:0:0:0:0:0:1
 2017-06-02 16:42:03.081 [http-nio-8088-exec-1:551456] [DEBUG] BootFilter.doFilter:33 - URL = http://localhost:8088/welcome.html
 2017-06-02 16:42:03.088 [http-nio-8088-exec-1:551463] [DEBUG] cache.debug:44 - "welcome.ftl"("en_US", UTF-8, parsed) cached copy not yet stale; using cached.
 2017-06-02 16:42:09.005 [http-nio-8088-exec-3:557380] [DEBUG] BootFilter.doFilter:32 - IP = 0:0:0:0:0:0:0:1
 2017-06-02 16:42:09.007 [http-nio-8088-exec-3:557382] [DEBUG] BootFilter.doFilter:33 - URL = http://localhost:8088/welcome
 2017-06-02 16:42:09.016 [http-nio-8088-exec-3:557391] [DEBUG] cache.debug:44 - TemplateLoader.findTemplateSource("welcome_en_US.ftl"): Not found
 2017-06-02 16:42:09.019 [http-nio-8088-exec-3:557394] [DEBUG] cache.debug:44 - TemplateLoader.findTemplateSource("welcome_en.ftl"): Not found
 2017-06-02 16:42:09.021 [http-nio-8088-exec-3:557396] [DEBUG] cache.debug:44 - TemplateLoader.findTemplateSource("welcome.ftl"): Not found
 2017-06-02 16:42:09.023 [http-nio-8088-exec-3:557398] [DEBUG] cache.debug:44 - "welcome.ftl"("en_US", UTF-8, parsed) no source found.
 2017-06-02 16:54:04.391 [http-nio-8088-exec-1:0] [DEBUG] BootFilter.doFilter:32 - IP = 0:0:0:0:0:0:0:1
 2017-06-02 16:54:04.397 [http-nio-8088-exec-1:6] [DEBUG] BootFilter.doFilter:33 - URL = http://localhost:8088/
 2017-06-02 16:54:04.480 [http-nio-8088-exec-2:89] [DEBUG] BootFilter.doFilter:32 - IP = 0:0:0:0:0:0:0:1
 2017-06-02 16:54:04.484 [http-nio-8088-exec-2:93] [DEBUG] BootFilter.doFilter:33 - URL = http://localhost:8088/js/common.js
 2017-06-02 16:54:08.888 [http-nio-8088-exec-3:4497] [DEBUG] BootFilter.doFilter:32 - IP = 0:0:0:0:0:0:0:1
 2017-06-02 16:54:08.891 [http-nio-8088-exec-3:4500] [DEBUG] BootFilter.doFilter:33 - URL = http://localhost:8088/home
 2017-06-02 16:54:12.784 [http-nio-8088-exec-4:8393] [DEBUG] BootFilter.doFilter:32 - IP = 0:0:0:0:0:0:0:1
 2017-06-02 16:54:12.787 [http-nio-8088-exec-4:8396] [DEBUG] BootFilter.doFilter:33 - URL = http://localhost:8088/home
 2017-06-02 16:55:02.095 [http-nio-8088-exec-5:57704] [DEBUG] BootFilter.doFilter:32 - IP = 0:0:0:0:0:0:0:1
 2017-06-02 16:55:02.097 [http-nio-8088-exec-5:57706] [DEBUG] BootFilter.doFilter:33 - URL = http://localhost:8088/home
 2017-06-02 16:55:02.990 [http-nio-8088-exec-6:58599] [DEBUG] BootFilter.doFilter:32 - IP = 0:0:0:0:0:0:0:1
 2017-06-02 16:55:02.992 [http-nio-8088-exec-6:58601] [DEBUG] BootFilter.doFilter:33 - URL = http://localhost:8088/home
 2017-06-02 16:55:03.165 [http-nio-8088-exec-7:58774] [DEBUG] BootFilter.doFilter:32 - IP = 0:0:0:0:0:0:0:1
 2017-06-02 16:55:03.167 [http-nio-8088-exec-7:58776] [DEBUG] BootFilter.doFilter:33 - URL = http://localhost:8088/home
 2017-06-02 16:56:07.507 [http-nio-8088-exec-1:0] [DEBUG] BootFilter.doFilter:32 - IP = 0:0:0:0:0:0:0:1
 2017-06-02 16:56:07.512 [http-nio-8088-exec-1:5] [DEBUG] BootFilter.doFilter:33 - URL = http://localhost:8088/home
 2017-06-02 16:56:08.575 [http-nio-8088-exec-2:1068] [DEBUG] BootFilter.doFilter:32 - IP = 0:0:0:0:0:0:0:1
 2017-06-02 16:56:08.579 [http-nio-8088-exec-2:1072] [DEBUG] BootFilter.doFilter:33 - URL = http://localhost:8088/home
 2017-06-02 16:56:09.133 [http-nio-8088-exec-3:1626] [DEBUG] BootFilter.doFilter:32 - IP = 0:0:0:0:0:0:0:1
 2017-06-02 16:56:09.136 [http-nio-8088-exec-3:1629] [DEBUG] BootFilter.doFilter:33 - URL = http://localhost:8088/home
 2017-06-02 16:56:09.318 [http-nio-8088-exec-4:1811] [DEBUG] BootFilter.doFilter:32 - IP = 0:0:0:0:0:0:0:1
 2017-06-02 16:56:09.320 [http-nio-8088-exec-4:1813] [DEBUG] BootFilter.doFilter:33 - URL = http://localhost:8088/home
 2017-06-02 16:56:15.526 [http-nio-8088-exec-5:8019] [DEBUG] BootFilter.doFilter:32 - IP = 0:0:0:0:0:0:0:1
 2017-06-02 16:56:15.527 [http-nio-8088-exec-5:8020] [DEBUG] BootFilter.doFilter:33 - URL = http://localhost:8088/home
 2017-06-02 16:56:16.057 [http-nio-8088-exec-6:8550] [DEBUG] BootFilter.doFilter:32 - IP = 0:0:0:0:0:0:0:1
 2017-06-02 16:56:16.059 [http-nio-8088-exec-6:8552] [DEBUG] BootFilter.doFilter:33 - URL = http://localhost:8088/
 2017-06-02 16:56:16.088 [http-nio-8088-exec-7:8581] [DEBUG] BootFilter.doFilter:32 - IP = 0:0:0:0:0:0:0:1
 2017-06-02 16:56:16.090 [http-nio-8088-exec-7:8583] [DEBUG] BootFilter.doFilter:33 - URL = http://localhost:8088/js/common.js
 2017-06-02 16:56:17.020 [http-nio-8088-exec-8:9513] [DEBUG] BootFilter.doFilter:32 - IP = 0:0:0:0:0:0:0:1
 2017-06-02 16:56:17.022 [http-nio-8088-exec-8:9515] [DEBUG] BootFilter.doFilter:33 - URL = http://localhost:8088/
 2017-06-02 16:56:17.044 [http-nio-8088-exec-9:9537] [DEBUG] BootFilter.doFilter:32 - IP = 0:0:0:0:0:0:0:1
 2017-06-02 16:56:17.045 [http-nio-8088-exec-9:9538] [DEBUG] BootFilter.doFilter:33 - URL = http://localhost:8088/js/common.js
 2017-06-02 16:56:28.813 [http-nio-8088-exec-10:21306] [DEBUG] BootFilter.doFilter:32 - IP = 0:0:0:0:0:0:0:1
 2017-06-02 16:56:28.815 [http-nio-8088-exec-10:21308] [DEBUG] BootFilter.doFilter:33 - URL = http://localhost:8088/home
 2017-06-02 16:56:30.661 [http-nio-8088-exec-1:23154] [DEBUG] BootFilter.doFilter:32 - IP = 0:0:0:0:0:0:0:1
 2017-06-02 16:56:30.663 [http-nio-8088-exec-1:23156] [DEBUG] BootFilter.doFilter:33 - URL = http://localhost:8088/home
 2017-06-02 16:56:31.061 [http-nio-8088-exec-2:23554] [DEBUG] BootFilter.doFilter:32 - IP = 0:0:0:0:0:0:0:1
 2017-06-02 16:56:31.062 [http-nio-8088-exec-2:23555] [DEBUG] BootFilter.doFilter:33 - URL = http://localhost:8088/home
 2017-06-02 16:56:31.221 [http-nio-8088-exec-3:23714] [DEBUG] BootFilter.doFilter:32 - IP = 0:0:0:0:0:0:0:1
 2017-06-02 16:56:31.223 [http-nio-8088-exec-3:23716] [DEBUG] BootFilter.doFilter:33 - URL = http://localhost:8088/home
 2017-06-02 16:56:31.390 [http-nio-8088-exec-4:23883] [DEBUG] BootFilter.doFilter:32 - IP = 0:0:0:0:0:0:0:1
 2017-06-02 16:56:31.391 [http-nio-8088-exec-4:23884] [DEBUG] BootFilter.doFilter:33 - URL = http://localhost:8088/home
 2017-06-02 16:56:31.574 [http-nio-8088-exec-5:24067] [DEBUG] BootFilter.doFilter:32 - IP = 0:0:0:0:0:0:0:1
 2017-06-02 16:56:31.576 [http-nio-8088-exec-5:24069] [DEBUG] BootFilter.doFilter:33 - URL = http://localhost:8088/home
 2017-06-02 16:56:40.181 [http-nio-8088-exec-6:32674] [DEBUG] BootFilter.doFilter:32 - IP = 0:0:0:0:0:0:0:1
 2017-06-02 16:56:40.183 [http-nio-8088-exec-6:32676] [DEBUG] BootFilter.doFilter:33 - URL = http://localhost:8088/home
 2017-06-02 16:56:40.621 [http-nio-8088-exec-7:33114] [DEBUG] BootFilter.doFilter:32 - IP = 0:0:0:0:0:0:0:1
 2017-06-02 16:56:40.623 [http-nio-8088-exec-7:33116] [DEBUG] BootFilter.doFilter:33 - URL = http://localhost:8088/home
 2017-06-02 16:56:40.798 [http-nio-8088-exec-8:33291] [DEBUG] BootFilter.doFilter:32 - IP = 0:0:0:0:0:0:0:1
 2017-06-02 16:56:40.800 [http-nio-8088-exec-8:33293] [DEBUG] BootFilter.doFilter:33 - URL = http://localhost:8088/home
 2017-06-02 17:00:12.626 [http-nio-8088-exec-1:0] [DEBUG] BootFilter.doFilter:32 - IP = 0:0:0:0:0:0:0:1
 2017-06-02 17:00:12.632 [http-nio-8088-exec-1:6] [DEBUG] BootFilter.doFilter:33 - URL = http://localhost:8088/home
 2017-06-02 17:00:13.620 [http-nio-8088-exec-2:994] [DEBUG] BootFilter.doFilter:32 - IP = 0:0:0:0:0:0:0:1
 2017-06-02 17:00:13.624 [http-nio-8088-exec-2:998] [DEBUG] BootFilter.doFilter:33 - URL = http://localhost:8088/home
 2017-06-02 17:06:35.194 [http-nio-8088-exec-1:0] [DEBUG] BootFilter.doFilter:32 - IP = 0:0:0:0:0:0:0:1
 2017-06-02 17:06:35.202 [http-nio-8088-exec-1:8] [DEBUG] BootFilter.doFilter:33 - URL = http://localhost:8088/home
 2017-06-02 17:06:35.930 [http-nio-8088-exec-2:736] [DEBUG] BootFilter.doFilter:32 - IP = 0:0:0:0:0:0:0:1
 2017-06-02 17:06:35.933 [http-nio-8088-exec-2:739] [DEBUG] BootFilter.doFilter:33 - URL = http://localhost:8088/home
 2017-06-02 17:06:36.147 [http-nio-8088-exec-3:953] [DEBUG] BootFilter.doFilter:32 - IP = 0:0:0:0:0:0:0:1
 2017-06-02 17:06:36.149 [http-nio-8088-exec-3:955] [DEBUG] BootFilter.doFilter:33 - URL = http://localhost:8088/home
 2017-06-02 17:06:36.378 [http-nio-8088-exec-4:1184] [DEBUG] BootFilter.doFilter:32 - IP = 0:0:0:0:0:0:0:1
 2017-06-02 17:06:36.380 [http-nio-8088-exec-4:1186] [DEBUG] BootFilter.doFilter:33 - URL = http://localhost:8088/home
 2017-06-02 17:06:36.562 [http-nio-8088-exec-5:1368] [DEBUG] BootFilter.doFilter:32 - IP = 0:0:0:0:0:0:0:1
 2017-06-02 17:06:36.564 [http-nio-8088-exec-5:1370] [DEBUG] BootFilter.doFilter:33 - URL = http://localhost:8088/home
 2017-06-02 17:06:36.729 [http-nio-8088-exec-6:1535] [DEBUG] BootFilter.doFilter:32 - IP = 0:0:0:0:0:0:0:1
 2017-06-02 17:06:36.731 [http-nio-8088-exec-6:1537] [DEBUG] BootFilter.doFilter:33 - URL = http://localhost:8088/home
 2017-06-02 17:06:37.428 [http-nio-8088-exec-7:2234] [DEBUG] BootFilter.doFilter:32 - IP = 0:0:0:0:0:0:0:1
 2017-06-02 17:06:37.430 [http-nio-8088-exec-7:2236] [DEBUG] BootFilter.doFilter:33 - URL = http://localhost:8088/
 2017-06-02 17:06:37.465 [http-nio-8088-exec-8:2271] [DEBUG] BootFilter.doFilter:32 - IP = 0:0:0:0:0:0:0:1
 2017-06-02 17:06:37.467 [http-nio-8088-exec-8:2273] [DEBUG] BootFilter.doFilter:33 - URL = http://localhost:8088/js/common.js
 2017-06-02 17:06:38.760 [http-nio-8088-exec-9:3566] [DEBUG] BootFilter.doFilter:32 - IP = 0:0:0:0:0:0:0:1
 2017-06-02 17:06:38.764 [http-nio-8088-exec-9:3570] [DEBUG] BootFilter.doFilter:33 - URL = http://localhost:8088/
 2017-06-02 17:06:38.790 [http-nio-8088-exec-10:3596] [DEBUG] BootFilter.doFilter:32 - IP = 0:0:0:0:0:0:0:1
 2017-06-02 17:06:38.792 [http-nio-8088-exec-10:3598] [DEBUG] BootFilter.doFilter:33 - URL = http://localhost:8088/js/common.js
 2017-06-02 17:06:39.808 [http-nio-8088-exec-1:4614] [DEBUG] BootFilter.doFilter:32 - IP = 0:0:0:0:0:0:0:1
 2017-06-02 17:06:39.810 [http-nio-8088-exec-1:4616] [DEBUG] BootFilter.doFilter:33 - URL = http://localhost:8088/
 2017-06-02 17:06:39.837 [http-nio-8088-exec-2:4643] [DEBUG] BootFilter.doFilter:32 - IP = 0:0:0:0:0:0:0:1
 2017-06-02 17:06:39.839 [http-nio-8088-exec-2:4645] [DEBUG] BootFilter.doFilter:33 - URL = http://localhost:8088/js/common.js
 2017-06-02 17:06:42.818 [http-nio-8088-exec-3:7624] [DEBUG] BootFilter.doFilter:32 - IP = 0:0:0:0:0:0:0:1
 2017-06-02 17:06:42.820 [http-nio-8088-exec-3:7626] [DEBUG] BootFilter.doFilter:33 - URL = http://localhost:8088/welcome.html
 2017-06-02 17:06:46.076 [http-nio-8088-exec-4:10882] [DEBUG] BootFilter.doFilter:32 - IP = 0:0:0:0:0:0:0:1
 2017-06-02 17:06:46.083 [http-nio-8088-exec-4:10889] [DEBUG] BootFilter.doFilter:33 - URL = http://localhost:8088/welcome
 2017-06-02 17:06:47.425 [http-nio-8088-exec-5:12231] [DEBUG] BootFilter.doFilter:32 - IP = 0:0:0:0:0:0:0:1
 2017-06-02 17:06:47.427 [http-nio-8088-exec-5:12233] [DEBUG] BootFilter.doFilter:33 - URL = http://localhost:8088/welcome
 2017-06-02 17:06:47.596 [http-nio-8088-exec-6:12402] [DEBUG] BootFilter.doFilter:32 - IP = 0:0:0:0:0:0:0:1
 2017-06-02 17:06:47.597 [http-nio-8088-exec-6:12403] [DEBUG] BootFilter.doFilter:33 - URL = http://localhost:8088/welcome
 2017-06-02 17:06:47.772 [http-nio-8088-exec-7:12578] [DEBUG] BootFilter.doFilter:32 - IP = 0:0:0:0:0:0:0:1
 2017-06-02 17:06:47.776 [http-nio-8088-exec-7:12582] [DEBUG] BootFilter.doFilter:33 - URL = http://localhost:8088/welcome
 2017-06-02 17:06:52.235 [http-nio-8088-exec-8:17041] [DEBUG] BootFilter.doFilter:32 - IP = 0:0:0:0:0:0:0:1
 2017-06-02 17:06:52.240 [http-nio-8088-exec-8:17046] [DEBUG] BootFilter.doFilter:33 - URL = http://localhost:8088/home
 2017-06-02 17:06:53.776 [http-nio-8088-exec-9:18582] [DEBUG] BootFilter.doFilter:32 - IP = 0:0:0:0:0:0:0:1
 2017-06-02 17:06:53.778 [http-nio-8088-exec-9:18584] [DEBUG] BootFilter.doFilter:33 - URL = http://localhost:8088/home
 2017-06-02 17:06:53.954 [http-nio-8088-exec-10:18760] [DEBUG] BootFilter.doFilter:32 - IP = 0:0:0:0:0:0:0:1
 2017-06-02 17:06:53.956 [http-nio-8088-exec-10:18762] [DEBUG] BootFilter.doFilter:33 - URL = http://localhost:8088/home
 2017-06-02 17:06:54.305 [http-nio-8088-exec-1:19111] [DEBUG] BootFilter.doFilter:32 - IP = 0:0:0:0:0:0:0:1
 2017-06-02 17:06:54.307 [http-nio-8088-exec-1:19113] [DEBUG] BootFilter.doFilter:33 - URL = http://localhost:8088/home
 2017-06-02 17:07:24.482 [http-nio-8088-exec-2:49288] [DEBUG] BootFilter.doFilter:32 - IP = 0:0:0:0:0:0:0:1
 2017-06-02 17:07:24.486 [http-nio-8088-exec-2:49292] [DEBUG] BootFilter.doFilter:33 - URL = http://localhost:8088/welcome
 2017-06-02 17:08:29.002 [http-nio-8088-exec-1:0] [DEBUG] BootFilter.doFilter:32 - IP = 0:0:0:0:0:0:0:1
 2017-06-02 17:08:29.008 [http-nio-8088-exec-1:6] [DEBUG] BootFilter.doFilter:33 - URL = http://localhost:8088/welcome
 2017-06-02 17:08:35.704 [http-nio-8088-exec-2:6702] [DEBUG] BootFilter.doFilter:32 - IP = 0:0:0:0:0:0:0:1
 2017-06-02 17:08:35.706 [http-nio-8088-exec-2:6704] [DEBUG] BootFilter.doFilter:33 - URL = http://localhost:8088/home
 2017-06-02 17:08:38.221 [http-nio-8088-exec-3:9219] [DEBUG] BootFilter.doFilter:32 - IP = 0:0:0:0:0:0:0:1
 2017-06-02 17:08:38.224 [http-nio-8088-exec-3:9222] [DEBUG] BootFilter.doFilter:33 - URL = http://localhost:8088/home
 2017-06-02 17:08:40.834 [http-nio-8088-exec-4:11832] [DEBUG] BootFilter.doFilter:32 - IP = 0:0:0:0:0:0:0:1
 2017-06-02 17:08:40.836 [http-nio-8088-exec-4:11834] [DEBUG] BootFilter.doFilter:33 - URL = http://localhost:8088/home
 2017-06-02 17:08:41.746 [http-nio-8088-exec-5:12744] [DEBUG] BootFilter.doFilter:32 - IP = 0:0:0:0:0:0:0:1
 2017-06-02 17:08:41.750 [http-nio-8088-exec-5:12748] [DEBUG] BootFilter.doFilter:33 - URL = http://localhost:8088/home
 2017-06-02 17:08:41.897 [http-nio-8088-exec-6:12895] [DEBUG] BootFilter.doFilter:32 - IP = 0:0:0:0:0:0:0:1
 2017-06-02 17:08:41.899 [http-nio-8088-exec-6:12897] [DEBUG] BootFilter.doFilter:33 - URL = http://localhost:8088/home
 2017-06-02 17:08:42.073 [http-nio-8088-exec-7:13071] [DEBUG] BootFilter.doFilter:32 - IP = 0:0:0:0:0:0:0:1
 2017-06-02 17:08:42.075 [http-nio-8088-exec-7:13073] [DEBUG] BootFilter.doFilter:33 - URL = http://localhost:8088/home
 